{"uuid":"131cca1c-4069-41e8-9ced-4a4a05bcf6cb","historyId":"2a365fe48a8410851eaee6f4ffdb793","testCaseId":"eb330bdaaaedf0f291c6d0f7ac53816e","fullName":"src/test/java/cucumber/ErrorValidations.feature:12","labels":[{"name":"tag","value":"AllTest"},{"name":"tag","value":"ErrorValidations"},{"name":"host","value":"TRD-LAP-068"},{"name":"thread","value":"33400@TRD-LAP-068.main(1)"},{"name":"feature","value":"Error Validation"},{"name":"story","value":"Error Validation Test with incorrect Email & Password"},{"name":"suite","value":"Error Validation"},{"name":"testClass","value":"Error Validation Test with incorrect Email & Password"},{"name":"framework","value":"cucumber4jvm"},{"name":"language","value":"java"},{"name":"gherkin_uri","value":"file:///D:/Automation_Framework/SeleniumFramework/src/test/java/cucumber/ErrorValidations.feature"},{"name":"package","value":"src.test.java.cucumber.ErrorValidations_feature.Error Validation"}],"links":[],"name":"Error Validation Test with incorrect Email & Password","status":"failed","statusDetails":{"known":false,"muted":false,"flaky":false,"message":"expected [Incorrect email or password.] but found [Incorrect email or passwor.]","trace":"java.lang.AssertionError: expected [Incorrect email or password.] but found [Incorrect email or passwor.]\r\n\tat org.testng.Assert.fail(Assert.java:111)\r\n\tat org.testng.Assert.failNotEquals(Assert.java:1578)\r\n\tat org.testng.Assert.assertEqualsImpl(Assert.java:150)\r\n\tat org.testng.Assert.assertEquals(Assert.java:132)\r\n\tat org.testng.Assert.assertEquals(Assert.java:656)\r\n\tat org.testng.Assert.assertEquals(Assert.java:666)\r\n\tat com.rbhatt.selenium.StepDefinitions.StepDefinitionsImpl.Login_error_message_is_displayed(StepDefinitionsImpl.java:86)\r\n\tat ✽.errorMessage_4 message is displayed(file:///D:/Automation_Framework/SeleniumFramework/src/test/java/cucumber/ErrorValidations.feature:8)\r\n"},"stage":"finished","steps":[{"name":"Given I landed on the Ecommerce Page","status":"passed","statusDetails":{"known":false,"muted":false,"flaky":false},"stage":"finished","steps":[],"attachments":[],"parameters":[],"start":1723007601580,"stop":1723007605323},{"name":"When I Logged in with email email_4 and password password_4","status":"passed","statusDetails":{"known":false,"muted":false,"flaky":false},"stage":"finished","steps":[],"attachments":[],"parameters":[],"start":1723007605323,"stop":1723007606059},{"name":"Then errorMessage_4 message is displayed","status":"failed","statusDetails":{"known":false,"muted":false,"flaky":false,"message":"expected [Incorrect email or password.] but found [Incorrect email or passwor.]","trace":"java.lang.AssertionError: expected [Incorrect email or password.] but found [Incorrect email or passwor.]\r\n\tat org.testng.Assert.fail(Assert.java:111)\r\n\tat org.testng.Assert.failNotEquals(Assert.java:1578)\r\n\tat org.testng.Assert.assertEqualsImpl(Assert.java:150)\r\n\tat org.testng.Assert.assertEquals(Assert.java:132)\r\n\tat org.testng.Assert.assertEquals(Assert.java:656)\r\n\tat org.testng.Assert.assertEquals(Assert.java:666)\r\n\tat com.rbhatt.selenium.StepDefinitions.StepDefinitionsImpl.Login_error_message_is_displayed(StepDefinitionsImpl.java:86)\r\n\tat ✽.errorMessage_4 message is displayed(file:///D:/Automation_Framework/SeleniumFramework/src/test/java/cucumber/ErrorValidations.feature:8)\r\n"},"stage":"finished","steps":[],"attachments":[],"parameters":[],"start":1723007606059,"stop":1723007606393}],"attachments":[],"parameters":[{"name":"email","value":"email_4"},{"name":"password","value":"password_4"},{"name":"errorMessage","value":"errorMessage_4"}],"start":1723007601580,"stop":1723007606904}