{"uuid":"db740c7c-3548-4d6d-aff0-98d0bbf0065f","historyId":"fd559273213c287763b75535bc055930","testCaseId":"eb33186e720aa4f675c782f692216f4c","fullName":"src/test/java/cucumber/SubmitOrder.feature:16","labels":[{"name":"tag","value":"Regression"},{"name":"host","value":"TRD-LAP-150"},{"name":"thread","value":"12724@TRD-LAP-150.main(1)"},{"name":"feature","value":"Purchase the order from Ecommerce Website"},{"name":"story","value":"Positive Test for Submitting the Order"},{"name":"suite","value":"Purchase the order from Ecommerce Website"},{"name":"testClass","value":"Positive Test for Submitting the Order"},{"name":"framework","value":"cucumber4jvm"},{"name":"language","value":"java"},{"name":"gherkin_uri","value":"file:///D:/Trainings/SeleniumFramework/src/test/java/cucumber/SubmitOrder.feature"},{"name":"package","value":"src.test.java.cucumber.SubmitOrder_feature.Purchase the order from Ecommerce Website"}],"links":[],"name":"Positive Test for Submitting the Order","status":"broken","statusDetails":{"known":false,"muted":false,"flaky":false,"message":"Expected condition failed: waiting for visibility of element located by By.cssSelector: .mb-3 (tried for 10 second(s) with 500 milliseconds interval)\nBuild info: version: '4.20.0', revision: '866c76ca80'\nSystem info: os.name: 'Windows 10', os.arch: 'amd64', os.version: '10.0', java.version: '22'\nDriver info: org.openqa.selenium.chrome.ChromeDriver\nCapabilities {acceptInsecureCerts: false, browserName: chrome, browserVersion: 124.0.6367.202, chrome: {chromedriverVersion: 124.0.6367.207 (a9001a6e39f..., userDataDir: C:\\Users\\Rishil\\AppData\\Loc...}, fedcm:accounts: true, goog:chromeOptions: {debuggerAddress: localhost:64338}, networkConnectionEnabled: false, pageLoadStrategy: normal, platformName: windows, proxy: Proxy(), se:cdp: ws://localhost:64338/devtoo..., se:cdpVersion: 124.0.6367.202, setWindowRect: true, strictFileInteractability: false, timeouts: {implicit: 0, pageLoad: 300000, script: 30000}, unhandledPromptBehavior: dismiss and notify, webauthn:extension:credBlob: true, webauthn:extension:largeBlob: true, webauthn:extension:minPinLength: true, webauthn:extension:prf: true, webauthn:virtualAuthenticators: true}\nSession ID: 19aba502d0cf3ab406f94a9563e30962","trace":"org.openqa.selenium.TimeoutException: Expected condition failed: waiting for visibility of element located by By.cssSelector: .mb-3 (tried for 10 second(s) with 500 milliseconds interval)\nBuild info: version: '4.20.0', revision: '866c76ca80'\nSystem info: os.name: 'Windows 10', os.arch: 'amd64', os.version: '10.0', java.version: '22'\nDriver info: org.openqa.selenium.chrome.ChromeDriver\nCapabilities {acceptInsecureCerts: false, browserName: chrome, browserVersion: 124.0.6367.202, chrome: {chromedriverVersion: 124.0.6367.207 (a9001a6e39f..., userDataDir: C:\\Users\\Rishil\\AppData\\Loc...}, fedcm:accounts: true, goog:chromeOptions: {debuggerAddress: localhost:64338}, networkConnectionEnabled: false, pageLoadStrategy: normal, platformName: windows, proxy: Proxy(), se:cdp: ws://localhost:64338/devtoo..., se:cdpVersion: 124.0.6367.202, setWindowRect: true, strictFileInteractability: false, timeouts: {implicit: 0, pageLoad: 300000, script: 30000}, unhandledPromptBehavior: dismiss and notify, webauthn:extension:credBlob: true, webauthn:extension:largeBlob: true, webauthn:extension:minPinLength: true, webauthn:extension:prf: true, webauthn:virtualAuthenticators: true}\nSession ID: 19aba502d0cf3ab406f94a9563e30962\r\n\tat org.openqa.selenium.support.ui.WebDriverWait.timeoutException(WebDriverWait.java:84)\r\n\tat org.openqa.selenium.support.ui.FluentWait.until(FluentWait.java:228)\r\n\tat com.rbhatt.selenium.AbstractCompoments.AbstractComponent.waitForElementToAppear(AbstractComponent.java:31)\r\n\tat com.rbhatt.selenium.PageObjects.ProductCatalouge.getProductList(ProductCatalouge.java:30)\r\n\tat com.rbhatt.selenium.StepDefinitions.StepDefinitionsImpl.I_add_product_to_the_Cart(StepDefinitionsImpl.java:37)\r\n\tat ✽.I add product ADIDAS ORIGINAL to the Cart(file:///D:/Trainings/SeleniumFramework/src/test/java/cucumber/SubmitOrder.feature:9)\r\n"},"stage":"finished","steps":[{"name":"Given I landed on the Ecommerce Page","status":"passed","statusDetails":{"known":false,"muted":false,"flaky":false},"stage":"finished","steps":[],"attachments":[],"parameters":[],"start":1716540725046,"stop":1716540729619},{"name":"Given I Logged in with email rishilbhatt.qa@gmail.com and password Test@1234","status":"passed","statusDetails":{"known":false,"muted":false,"flaky":false},"stage":"finished","steps":[],"attachments":[],"parameters":[],"start":1716540729619,"stop":1716540729958},{"name":"When I add product ADIDAS ORIGINAL to the Cart","status":"broken","statusDetails":{"known":false,"muted":false,"flaky":false,"message":"Expected condition failed: waiting for visibility of element located by By.cssSelector: .mb-3 (tried for 10 second(s) with 500 milliseconds interval)\nBuild info: version: '4.20.0', revision: '866c76ca80'\nSystem info: os.name: 'Windows 10', os.arch: 'amd64', os.version: '10.0', java.version: '22'\nDriver info: org.openqa.selenium.chrome.ChromeDriver\nCapabilities {acceptInsecureCerts: false, browserName: chrome, browserVersion: 124.0.6367.202, chrome: {chromedriverVersion: 124.0.6367.207 (a9001a6e39f..., userDataDir: C:\\Users\\Rishil\\AppData\\Loc...}, fedcm:accounts: true, goog:chromeOptions: {debuggerAddress: localhost:64338}, networkConnectionEnabled: false, pageLoadStrategy: normal, platformName: windows, proxy: Proxy(), se:cdp: ws://localhost:64338/devtoo..., se:cdpVersion: 124.0.6367.202, setWindowRect: true, strictFileInteractability: false, timeouts: {implicit: 0, pageLoad: 300000, script: 30000}, unhandledPromptBehavior: dismiss and notify, webauthn:extension:credBlob: true, webauthn:extension:largeBlob: true, webauthn:extension:minPinLength: true, webauthn:extension:prf: true, webauthn:virtualAuthenticators: true}\nSession ID: 19aba502d0cf3ab406f94a9563e30962","trace":"org.openqa.selenium.TimeoutException: Expected condition failed: waiting for visibility of element located by By.cssSelector: .mb-3 (tried for 10 second(s) with 500 milliseconds interval)\nBuild info: version: '4.20.0', revision: '866c76ca80'\nSystem info: os.name: 'Windows 10', os.arch: 'amd64', os.version: '10.0', java.version: '22'\nDriver info: org.openqa.selenium.chrome.ChromeDriver\nCapabilities {acceptInsecureCerts: false, browserName: chrome, browserVersion: 124.0.6367.202, chrome: {chromedriverVersion: 124.0.6367.207 (a9001a6e39f..., userDataDir: C:\\Users\\Rishil\\AppData\\Loc...}, fedcm:accounts: true, goog:chromeOptions: {debuggerAddress: localhost:64338}, networkConnectionEnabled: false, pageLoadStrategy: normal, platformName: windows, proxy: Proxy(), se:cdp: ws://localhost:64338/devtoo..., se:cdpVersion: 124.0.6367.202, setWindowRect: true, strictFileInteractability: false, timeouts: {implicit: 0, pageLoad: 300000, script: 30000}, unhandledPromptBehavior: dismiss and notify, webauthn:extension:credBlob: true, webauthn:extension:largeBlob: true, webauthn:extension:minPinLength: true, webauthn:extension:prf: true, webauthn:virtualAuthenticators: true}\nSession ID: 19aba502d0cf3ab406f94a9563e30962\r\n\tat org.openqa.selenium.support.ui.WebDriverWait.timeoutException(WebDriverWait.java:84)\r\n\tat org.openqa.selenium.support.ui.FluentWait.until(FluentWait.java:228)\r\n\tat com.rbhatt.selenium.AbstractCompoments.AbstractComponent.waitForElementToAppear(AbstractComponent.java:31)\r\n\tat com.rbhatt.selenium.PageObjects.ProductCatalouge.getProductList(ProductCatalouge.java:30)\r\n\tat com.rbhatt.selenium.StepDefinitions.StepDefinitionsImpl.I_add_product_to_the_Cart(StepDefinitionsImpl.java:37)\r\n\tat ✽.I add product ADIDAS ORIGINAL to the Cart(file:///D:/Trainings/SeleniumFramework/src/test/java/cucumber/SubmitOrder.feature:9)\r\n"},"stage":"finished","steps":[],"attachments":[],"parameters":[],"start":1716540729958,"stop":1716540740013},{"name":"And Checkout ADIDAS ORIGINAL and submit the Order","status":"skipped","statusDetails":{"known":false,"muted":false,"flaky":false},"stage":"finished","steps":[],"attachments":[],"parameters":[],"start":1716540740013,"stop":1716540740014},{"name":"Then THANKYOU message is displayed on Confirmation Page","status":"skipped","statusDetails":{"known":false,"muted":false,"flaky":false},"stage":"finished","steps":[],"attachments":[],"parameters":[],"start":1716540740014,"stop":1716540740014},{"name":"And I should see the Order on Order History Page","status":"skipped","statusDetails":{"known":false,"muted":false,"flaky":false},"stage":"finished","steps":[],"attachments":[],"parameters":[],"start":1716540740014,"stop":1716540740014}],"attachments":[],"parameters":[{"name":"email","value":"rishilbhatt.qa@gmail.com"},{"name":"password","value":"Test@1234"},{"name":"productName","value":"ADIDAS ORIGINAL"},{"name":"confirmMessage","value":"THANKYOU"}],"start":1716540725045,"stop":1716540740014}